<?xml version="1.0" encoding="UTF-8"?>
<coverage generated="1569573187559" clover="3.2.0">
  <project timestamp="1569573187560" name="All files">
    <metrics statements="58" coveredstatements="56" conditionals="42" coveredconditionals="38" methods="13" coveredmethods="9" elements="113" coveredelements="103" complexity="0" loc="58" ncloc="58" packages="1" files="2" classes="2"/>
    <file name="interval.js" path="/home/lucas/software-testing/tp-jest/src/interval.js">
      <metrics statements="11" coveredstatements="9" conditionals="10" coveredconditionals="6" methods="7" coveredmethods="3"/>
      <line num="3" count="4" type="stmt"/>
      <line num="4" count="4" type="stmt"/>
      <line num="8" count="0" type="stmt"/>
      <line num="26" count="6" type="cond" truecount="2" falsecount="0"/>
      <line num="46" count="0" type="cond" truecount="0" falsecount="2"/>
      <line num="66" count="2" type="stmt"/>
      <line num="67" count="2" type="cond" truecount="2" falsecount="0"/>
      <line num="69" count="1" type="cond" truecount="2" falsecount="2"/>
      <line num="74" count="1" type="stmt"/>
      <line num="76" count="2" type="stmt"/>
      <line num="120" count="1" type="stmt"/>
    </file>
    <file name="math.js" path="/home/lucas/software-testing/tp-jest/src/math.js">
      <metrics statements="47" coveredstatements="47" conditionals="32" coveredconditionals="32" methods="6" coveredmethods="6"/>
      <line num="1" count="1" type="stmt"/>
      <line num="2" count="1" type="stmt"/>
      <line num="3" count="11" type="cond" truecount="2" falsecount="0"/>
      <line num="4" count="3" type="stmt"/>
      <line num="7" count="8" type="cond" truecount="2" falsecount="0"/>
      <line num="8" count="1" type="stmt"/>
      <line num="11" count="7" type="cond" truecount="2" falsecount="0"/>
      <line num="12" count="1" type="stmt"/>
      <line num="15" count="6" type="stmt"/>
      <line num="26" count="1" type="stmt"/>
      <line num="27" count="21" type="cond" truecount="4" falsecount="0"/>
      <line num="28" count="2" type="stmt"/>
      <line num="31" count="19" type="cond" truecount="2" falsecount="0"/>
      <line num="32" count="1" type="stmt"/>
      <line num="34" count="18" type="stmt"/>
      <line num="35" count="92" type="cond" truecount="2" falsecount="0"/>
      <line num="36" count="11" type="stmt"/>
      <line num="51" count="1" type="stmt"/>
      <line num="52" count="5" type="stmt"/>
      <line num="53" count="5" type="stmt"/>
      <line num="54" count="12" type="cond" truecount="2" falsecount="0"/>
      <line num="55" count="5" type="stmt"/>
      <line num="70" count="1" type="stmt"/>
      <line num="71" count="4" type="stmt"/>
      <line num="72" count="4" type="stmt"/>
      <line num="73" count="16" type="cond" truecount="2" falsecount="0"/>
      <line num="74" count="15" type="cond" truecount="2" falsecount="0"/>
      <line num="75" count="11" type="cond" truecount="2" falsecount="0"/>
      <line num="76" count="9" type="stmt"/>
      <line num="77" count="4" type="stmt"/>
      <line num="89" count="1" type="stmt"/>
      <line num="90" count="6" type="stmt"/>
      <line num="92" count="6" type="stmt"/>
      <line num="93" count="32" type="cond" truecount="4" falsecount="0"/>
      <line num="94" count="9" type="stmt"/>
      <line num="95" count="23" type="cond" truecount="4" falsecount="0"/>
      <line num="96" count="20" type="stmt"/>
      <line num="97" count="3" type="stmt"/>
      <line num="99" count="6" type="stmt"/>
      <line num="114" count="1" type="stmt"/>
      <line num="115" count="4" type="stmt"/>
      <line num="117" count="4" type="stmt"/>
      <line num="118" count="11" type="stmt"/>
      <line num="119" count="24" type="cond" truecount="2" falsecount="0"/>
      <line num="120" count="10" type="stmt"/>
      <line num="122" count="4" type="stmt"/>
      <line num="124" count="1" type="stmt"/>
    </file>
  </project>
</coverage>
