{"/home/lucas/software-testing/tp-jest/src/interval.js": {"path":"/home/lucas/software-testing/tp-jest/src/interval.js","statementMap":{"0":{"start":{"line":3,"column":8},"end":{"line":3,"column":27}},"1":{"start":{"line":4,"column":8},"end":{"line":4,"column":22}},"2":{"start":{"line":8,"column":8},"end":{"line":8,"column":55}},"3":{"start":{"line":26,"column":8},"end":{"line":26,"column":70}},"4":{"start":{"line":46,"column":8},"end":{"line":46,"column":72}},"5":{"start":{"line":66,"column":20},"end":{"line":66,"column":22}},"6":{"start":{"line":67,"column":8},"end":{"line":75,"column":9}},"7":{"start":{"line":69,"column":12},"end":{"line":69,"column":152}},"8":{"start":{"line":74,"column":12},"end":{"line":74,"column":39}},"9":{"start":{"line":76,"column":8},"end":{"line":76,"column":21}},"10":{"start":{"line":120,"column":0},"end":{"line":120,"column":26}}},"fnMap":{"0":{"name":"(anonymous_0)","decl":{"start":{"line":2,"column":4},"end":{"line":2,"column":5}},"loc":{"start":{"line":2,"column":28},"end":{"line":5,"column":5}},"line":2},"1":{"name":"(anonymous_1)","decl":{"start":{"line":7,"column":4},"end":{"line":7,"column":5}},"loc":{"start":{"line":7,"column":15},"end":{"line":9,"column":5}},"line":7},"2":{"name":"(anonymous_2)","decl":{"start":{"line":25,"column":4},"end":{"line":25,"column":5}},"loc":{"start":{"line":25,"column":23},"end":{"line":27,"column":5}},"line":25},"3":{"name":"(anonymous_3)","decl":{"start":{"line":45,"column":4},"end":{"line":45,"column":5}},"loc":{"start":{"line":45,"column":23},"end":{"line":47,"column":5}},"line":45},"4":{"name":"(anonymous_4)","decl":{"start":{"line":65,"column":4},"end":{"line":65,"column":5}},"loc":{"start":{"line":65,"column":20},"end":{"line":77,"column":5}},"line":65},"5":{"name":"(anonymous_5)","decl":{"start":{"line":95,"column":4},"end":{"line":95,"column":5}},"loc":{"start":{"line":95,"column":27},"end":{"line":97,"column":5}},"line":95},"6":{"name":"(anonymous_6)","decl":{"start":{"line":115,"column":4},"end":{"line":115,"column":5}},"loc":{"start":{"line":115,"column":24},"end":{"line":117,"column":5}},"line":115}},"branchMap":{"0":{"loc":{"start":{"line":26,"column":15},"end":{"line":26,"column":69}},"type":"binary-expr","locations":[{"start":{"line":26,"column":15},"end":{"line":26,"column":40}},{"start":{"line":26,"column":44},"end":{"line":26,"column":69}}],"line":26},"1":{"loc":{"start":{"line":46,"column":15},"end":{"line":46,"column":71}},"type":"binary-expr","locations":[{"start":{"line":46,"column":15},"end":{"line":46,"column":43}},{"start":{"line":46,"column":47},"end":{"line":46,"column":71}}],"line":46},"2":{"loc":{"start":{"line":67,"column":8},"end":{"line":75,"column":9}},"type":"if","locations":[{"start":{"line":67,"column":8},"end":{"line":75,"column":9}},{"start":{"line":67,"column":8},"end":{"line":75,"column":9}}],"line":67},"3":{"loc":{"start":{"line":69,"column":37},"end":{"line":69,"column":95}},"type":"cond-expr","locations":[{"start":{"line":69,"column":68},"end":{"line":69,"column":78}},{"start":{"line":69,"column":81},"end":{"line":69,"column":95}}],"line":69},"4":{"loc":{"start":{"line":69,"column":98},"end":{"line":69,"column":148}},"type":"cond-expr","locations":[{"start":{"line":69,"column":125},"end":{"line":69,"column":133}},{"start":{"line":69,"column":136},"end":{"line":69,"column":148}}],"line":69}},"s":{"0":4,"1":4,"2":0,"3":6,"4":0,"5":2,"6":2,"7":1,"8":1,"9":2,"10":1},"f":{"0":4,"1":0,"2":6,"3":0,"4":2,"5":0,"6":0},"b":{"0":[6,3],"1":[0,0],"2":[1,1],"3":[1,0],"4":[1,0]},"_coverageSchema":"43e27e138ebf9cfc5966b082cf9a028302ed4184","hash":"dc4785e4f37ddc8a43048fd157a1fc403f8c0a6d"}
,"/home/lucas/software-testing/tp-jest/src/math.js": {"path":"/home/lucas/software-testing/tp-jest/src/math.js","statementMap":{"0":{"start":{"line":1,"column":11},"end":{"line":1,"column":13}},"1":{"start":{"line":2,"column":0},"end":{"line":16,"column":2}},"2":{"start":{"line":3,"column":4},"end":{"line":5,"column":5}},"3":{"start":{"line":4,"column":8},"end":{"line":4,"column":17}},"4":{"start":{"line":7,"column":4},"end":{"line":9,"column":5}},"5":{"start":{"line":8,"column":8},"end":{"line":8,"column":27}},"6":{"start":{"line":11,"column":4},"end":{"line":13,"column":5}},"7":{"start":{"line":12,"column":8},"end":{"line":12,"column":29}},"8":{"start":{"line":15,"column":4},"end":{"line":15,"column":37}},"9":{"start":{"line":26,"column":0},"end":{"line":38,"column":2}},"10":{"start":{"line":27,"column":4},"end":{"line":29,"column":5}},"11":{"start":{"line":28,"column":8},"end":{"line":28,"column":21}},"12":{"start":{"line":31,"column":4},"end":{"line":33,"column":5}},"13":{"start":{"line":32,"column":8},"end":{"line":32,"column":49}},"14":{"start":{"line":34,"column":4},"end":{"line":35,"column":38}},"15":{"start":{"line":34,"column":17},"end":{"line":34,"column":18}},"16":{"start":{"line":35,"column":8},"end":{"line":35,"column":38}},"17":{"start":{"line":35,"column":25},"end":{"line":35,"column":38}},"18":{"start":{"line":36,"column":4},"end":{"line":36,"column":16}},"19":{"start":{"line":51,"column":0},"end":{"line":56,"column":2}},"20":{"start":{"line":52,"column":14},"end":{"line":52,"column":15}},"21":{"start":{"line":53,"column":4},"end":{"line":54,"column":38}},"22":{"start":{"line":53,"column":17},"end":{"line":53,"column":18}},"23":{"start":{"line":54,"column":8},"end":{"line":54,"column":38}},"24":{"start":{"line":54,"column":29},"end":{"line":54,"column":38}},"25":{"start":{"line":55,"column":4},"end":{"line":55,"column":15}},"26":{"start":{"line":70,"column":0},"end":{"line":78,"column":2}},"27":{"start":{"line":71,"column":19},"end":{"line":71,"column":21}},"28":{"start":{"line":72,"column":4},"end":{"line":76,"column":30}},"29":{"start":{"line":72,"column":17},"end":{"line":72,"column":18}},"30":{"start":{"line":73,"column":8},"end":{"line":76,"column":30}},"31":{"start":{"line":73,"column":25},"end":{"line":73,"column":51}},"32":{"start":{"line":74,"column":13},"end":{"line":76,"column":30}},"33":{"start":{"line":74,"column":30},"end":{"line":74,"column":52}},"34":{"start":{"line":75,"column":13},"end":{"line":76,"column":30}},"35":{"start":{"line":75,"column":30},"end":{"line":75,"column":52}},"36":{"start":{"line":76,"column":13},"end":{"line":76,"column":30}},"37":{"start":{"line":77,"column":4},"end":{"line":77,"column":20}},"38":{"start":{"line":89,"column":0},"end":{"line":100,"column":2}},"39":{"start":{"line":90,"column":17},"end":{"line":90,"column":19}},"40":{"start":{"line":92,"column":4},"end":{"line":97,"column":31}},"41":{"start":{"line":92,"column":16},"end":{"line":92,"column":17}},"42":{"start":{"line":93,"column":6},"end":{"line":97,"column":31}},"43":{"start":{"line":94,"column":8},"end":{"line":94,"column":81}},"44":{"start":{"line":95,"column":11},"end":{"line":97,"column":31}},"45":{"start":{"line":96,"column":8},"end":{"line":96,"column":81}},"46":{"start":{"line":97,"column":11},"end":{"line":97,"column":31}},"47":{"start":{"line":99,"column":4},"end":{"line":99,"column":18}},"48":{"start":{"line":114,"column":0},"end":{"line":122,"column":19}},"49":{"start":{"line":115,"column":16},"end":{"line":115,"column":17}},"50":{"start":{"line":117,"column":4},"end":{"line":120,"column":21}},"51":{"start":{"line":117,"column":14},"end":{"line":117,"column":15}},"52":{"start":{"line":118,"column":7},"end":{"line":120,"column":21}},"53":{"start":{"line":118,"column":17},"end":{"line":118,"column":20}},"54":{"start":{"line":119,"column":9},"end":{"line":120,"column":21}},"55":{"start":{"line":120,"column":11},"end":{"line":120,"column":21}},"56":{"start":{"line":122,"column":4},"end":{"line":122,"column":17}},"57":{"start":{"line":124,"column":0},"end":{"line":124,"column":22}}},"fnMap":{"0":{"name":"(anonymous_0)","decl":{"start":{"line":2,"column":17},"end":{"line":2,"column":18}},"loc":{"start":{"line":2,"column":24},"end":{"line":16,"column":1}},"line":2},"1":{"name":"(anonymous_1)","decl":{"start":{"line":26,"column":15},"end":{"line":26,"column":16}},"loc":{"start":{"line":26,"column":28},"end":{"line":38,"column":1}},"line":26},"2":{"name":"(anonymous_2)","decl":{"start":{"line":51,"column":16},"end":{"line":51,"column":17}},"loc":{"start":{"line":51,"column":28},"end":{"line":56,"column":1}},"line":51},"3":{"name":"(anonymous_3)","decl":{"start":{"line":70,"column":16},"end":{"line":70,"column":17}},"loc":{"start":{"line":70,"column":28},"end":{"line":78,"column":1}},"line":70},"4":{"name":"(anonymous_4)","decl":{"start":{"line":89,"column":14},"end":{"line":89,"column":15}},"loc":{"start":{"line":89,"column":32},"end":{"line":100,"column":1}},"line":89},"5":{"name":"(anonymous_5)","decl":{"start":{"line":114,"column":13},"end":{"line":114,"column":14}},"loc":{"start":{"line":114,"column":29},"end":{"line":122,"column":18}},"line":114}},"branchMap":{"0":{"loc":{"start":{"line":3,"column":4},"end":{"line":5,"column":5}},"type":"if","locations":[{"start":{"line":3,"column":4},"end":{"line":5,"column":5}},{"start":{"line":3,"column":4},"end":{"line":5,"column":5}}],"line":3},"1":{"loc":{"start":{"line":7,"column":4},"end":{"line":9,"column":5}},"type":"if","locations":[{"start":{"line":7,"column":4},"end":{"line":9,"column":5}},{"start":{"line":7,"column":4},"end":{"line":9,"column":5}}],"line":7},"2":{"loc":{"start":{"line":11,"column":4},"end":{"line":13,"column":5}},"type":"if","locations":[{"start":{"line":11,"column":4},"end":{"line":13,"column":5}},{"start":{"line":11,"column":4},"end":{"line":13,"column":5}}],"line":11},"3":{"loc":{"start":{"line":27,"column":4},"end":{"line":29,"column":5}},"type":"if","locations":[{"start":{"line":27,"column":4},"end":{"line":29,"column":5}},{"start":{"line":27,"column":4},"end":{"line":29,"column":5}}],"line":27},"4":{"loc":{"start":{"line":27,"column":8},"end":{"line":27,"column":26}},"type":"binary-expr","locations":[{"start":{"line":27,"column":8},"end":{"line":27,"column":15}},{"start":{"line":27,"column":19},"end":{"line":27,"column":26}}],"line":27},"5":{"loc":{"start":{"line":31,"column":4},"end":{"line":33,"column":5}},"type":"if","locations":[{"start":{"line":31,"column":4},"end":{"line":33,"column":5}},{"start":{"line":31,"column":4},"end":{"line":33,"column":5}}],"line":31},"6":{"loc":{"start":{"line":35,"column":8},"end":{"line":35,"column":38}},"type":"if","locations":[{"start":{"line":35,"column":8},"end":{"line":35,"column":38}},{"start":{"line":35,"column":8},"end":{"line":35,"column":38}}],"line":35},"7":{"loc":{"start":{"line":54,"column":8},"end":{"line":54,"column":38}},"type":"if","locations":[{"start":{"line":54,"column":8},"end":{"line":54,"column":38}},{"start":{"line":54,"column":8},"end":{"line":54,"column":38}}],"line":54},"8":{"loc":{"start":{"line":73,"column":8},"end":{"line":76,"column":30}},"type":"if","locations":[{"start":{"line":73,"column":8},"end":{"line":76,"column":30}},{"start":{"line":73,"column":8},"end":{"line":76,"column":30}}],"line":73},"9":{"loc":{"start":{"line":74,"column":13},"end":{"line":76,"column":30}},"type":"if","locations":[{"start":{"line":74,"column":13},"end":{"line":76,"column":30}},{"start":{"line":74,"column":13},"end":{"line":76,"column":30}}],"line":74},"10":{"loc":{"start":{"line":75,"column":13},"end":{"line":76,"column":30}},"type":"if","locations":[{"start":{"line":75,"column":13},"end":{"line":76,"column":30}},{"start":{"line":75,"column":13},"end":{"line":76,"column":30}}],"line":75},"11":{"loc":{"start":{"line":93,"column":6},"end":{"line":97,"column":31}},"type":"if","locations":[{"start":{"line":93,"column":6},"end":{"line":97,"column":31}},{"start":{"line":93,"column":6},"end":{"line":97,"column":31}}],"line":93},"12":{"loc":{"start":{"line":93,"column":9},"end":{"line":93,"column":65}},"type":"binary-expr","locations":[{"start":{"line":93,"column":9},"end":{"line":93,"column":35}},{"start":{"line":93,"column":39},"end":{"line":93,"column":65}}],"line":93},"13":{"loc":{"start":{"line":95,"column":11},"end":{"line":97,"column":31}},"type":"if","locations":[{"start":{"line":95,"column":11},"end":{"line":97,"column":31}},{"start":{"line":95,"column":11},"end":{"line":97,"column":31}}],"line":95},"14":{"loc":{"start":{"line":95,"column":15},"end":{"line":95,"column":72}},"type":"binary-expr","locations":[{"start":{"line":95,"column":15},"end":{"line":95,"column":41}},{"start":{"line":95,"column":45},"end":{"line":95,"column":72}}],"line":95},"15":{"loc":{"start":{"line":119,"column":9},"end":{"line":120,"column":21}},"type":"if","locations":[{"start":{"line":119,"column":9},"end":{"line":120,"column":21}},{"start":{"line":119,"column":9},"end":{"line":120,"column":21}}],"line":119}},"s":{"0":1,"1":1,"2":11,"3":3,"4":8,"5":1,"6":7,"7":1,"8":6,"9":1,"10":21,"11":2,"12":19,"13":1,"14":18,"15":18,"16":92,"17":7,"18":11,"19":1,"20":5,"21":5,"22":5,"23":12,"24":7,"25":5,"26":1,"27":4,"28":4,"29":4,"30":16,"31":1,"32":15,"33":4,"34":11,"35":2,"36":9,"37":4,"38":1,"39":6,"40":6,"41":6,"42":32,"43":9,"44":23,"45":20,"46":3,"47":6,"48":1,"49":4,"50":4,"51":4,"52":11,"53":11,"54":24,"55":10,"56":4,"57":1},"f":{"0":11,"1":21,"2":5,"3":4,"4":6,"5":4},"b":{"0":[3,8],"1":[1,7],"2":[1,6],"3":[2,19],"4":[21,20],"5":[1,18],"6":[7,85],"7":[7,5],"8":[1,15],"9":[4,11],"10":[2,9],"11":[9,23],"12":[32,29],"13":[20,3],"14":[23,20],"15":[10,14]},"_coverageSchema":"43e27e138ebf9cfc5966b082cf9a028302ed4184","hash":"055770976dbc0b25d0e59e17828369e29175b157"}
}
