TN:
SF:/home/lucas/software-testing/tp-jest/src/interval.js
FN:2,(anonymous_0)
FN:7,(anonymous_1)
FN:25,(anonymous_2)
FN:45,(anonymous_3)
FN:65,(anonymous_4)
FN:95,(anonymous_5)
FN:115,(anonymous_6)
FNF:7
FNH:5
FNDA:16,(anonymous_0)
FNDA:15,(anonymous_1)
FNDA:4,(anonymous_2)
FNDA:2,(anonymous_3)
FNDA:2,(anonymous_4)
FNDA:0,(anonymous_5)
FNDA:0,(anonymous_6)
DA:3,16
DA:4,16
DA:8,15
DA:26,4
DA:46,2
DA:66,2
DA:67,2
DA:69,1
DA:74,1
DA:76,2
DA:120,1
LF:11
LH:11
BRDA:26,0,0,4
BRDA:26,0,1,2
BRDA:46,1,0,2
BRDA:46,1,1,2
BRDA:67,2,0,1
BRDA:67,2,1,1
BRDA:69,3,0,1
BRDA:69,3,1,0
BRDA:69,4,0,1
BRDA:69,4,1,0
BRF:10
BRH:8
end_of_record
TN:
SF:/home/lucas/software-testing/tp-jest/src/math.js
FN:2,(anonymous_0)
FN:26,(anonymous_1)
FN:51,(anonymous_2)
FN:70,(anonymous_3)
FN:89,(anonymous_4)
FN:114,(anonymous_5)
FNF:6
FNH:6
FNDA:11,(anonymous_0)
FNDA:21,(anonymous_1)
FNDA:5,(anonymous_2)
FNDA:4,(anonymous_3)
FNDA:6,(anonymous_4)
FNDA:4,(anonymous_5)
DA:1,1
DA:2,1
DA:3,11
DA:4,3
DA:7,8
DA:8,1
DA:11,7
DA:12,1
DA:15,6
DA:26,1
DA:27,21
DA:28,2
DA:31,19
DA:32,1
DA:34,18
DA:35,92
DA:36,11
DA:51,1
DA:52,5
DA:53,5
DA:54,12
DA:55,5
DA:70,1
DA:71,4
DA:72,4
DA:73,16
DA:74,15
DA:75,11
DA:76,9
DA:77,4
DA:89,1
DA:90,6
DA:92,6
DA:93,32
DA:94,9
DA:95,23
DA:96,20
DA:97,3
DA:99,6
DA:114,1
DA:115,4
DA:117,4
DA:118,11
DA:119,24
DA:120,10
DA:122,4
DA:124,1
LF:47
LH:47
BRDA:3,0,0,3
BRDA:3,0,1,8
BRDA:7,1,0,1
BRDA:7,1,1,7
BRDA:11,2,0,1
BRDA:11,2,1,6
BRDA:27,3,0,2
BRDA:27,3,1,19
BRDA:27,4,0,21
BRDA:27,4,1,20
BRDA:31,5,0,1
BRDA:31,5,1,18
BRDA:35,6,0,7
BRDA:35,6,1,85
BRDA:54,7,0,7
BRDA:54,7,1,5
BRDA:73,8,0,1
BRDA:73,8,1,15
BRDA:74,9,0,4
BRDA:74,9,1,11
BRDA:75,10,0,2
BRDA:75,10,1,9
BRDA:93,11,0,9
BRDA:93,11,1,23
BRDA:93,12,0,32
BRDA:93,12,1,29
BRDA:95,13,0,20
BRDA:95,13,1,3
BRDA:95,14,0,23
BRDA:95,14,1,20
BRDA:119,15,0,10
BRDA:119,15,1,14
BRF:32
BRH:32
end_of_record
